# JRE version: Java(TM) SE Runtime Environment (8.0_121-b13) (build 1.8.0_121-b13)
# Java VM: Java HotSpot(TM) 64-Bit Server VM (25.121-b13 mixed mode linux-amd64 compressed oops)
Heap:
 PSYoungGen      total 774656K, used 703503K [0x000000076ce00000, 0x00000007a8f80000, 0x00000007c0000000)
  eden space 636416K, 88% used [0x000000076ce00000,0x000000078f6100e8,0x0000000793b80000)
  from space 138240K, 99% used [0x000000079da00000,0x00000007a60f3ed0,0x00000007a6100000)
  to   space 162304K, 0% used [0x0000000793b80000,0x0000000793b80000,0x000000079da00000)
 ParOldGen       total 2166784K, used 1687350K [0x00000006c6a00000, 0x000000074ae00000, 0x000000076ce00000)
  object space 2166784K, 77% used [0x00000006c6a00000,0x000000072d9cda28,0x000000074ae00000)
 Metaspace       used 3523K, capacity 4606K, committed 4864K, reserved 1056768K
  class space    used 402K, capacity 430K, committed 512K, reserved 1048576K
GC Heap History (10 events):
Event: 8,627 GC heap before
{Heap before GC invocations=13 (full 5):
 PSYoungGen      total 525312K, used 96699K [0x000000076ce00000, 0x0000000796780000, 0x00000007c0000000)
  eden space 428544K, 0% used [0x000000076ce00000,0x000000076ce00000,0x0000000787080000)
  from space 96768K, 99% used [0x000000078e280000,0x00000007940eec20,0x0000000794100000)
  to   space 116736K, 0% used [0x0000000787080000,0x0000000787080000,0x000000078e280000)
 ParOldGen       total 911872K, used 874570K [0x00000006c6a00000, 0x00000006fe480000, 0x000000076ce00000)
  object space 911872K, 95% used [0x00000006c6a00000,0x00000006fc012b48,0x00000006fe480000)
 Metaspace       used 3510K, capacity 4606K, committed 4864K, reserved 1056768K
  class space    used 401K, capacity 430K, committed 512K, reserved 1048576K
Event: 8,651 GC heap after
Heap after GC invocations=13 (full 5):
 PSYoungGen      total 525312K, used 59777K [0x000000076ce00000, 0x0000000796780000, 0x00000007c0000000)
  eden space 428544K, 0% used [0x000000076ce00000,0x000000076ce00000,0x0000000787080000)
  from space 96768K, 61% used [0x000000078e280000,0x0000000791ce0650,0x0000000794100000)
  to   space 116736K, 0% used [0x0000000787080000,0x0000000787080000,0x000000078e280000)
 ParOldGen       total 1206784K, used 911492K [0x00000006c6a00000, 0x0000000710480000, 0x000000076ce00000)
  object space 1206784K, 75% used [0x00000006c6a00000,0x00000006fe421118,0x0000000710480000)
 Metaspace       used 3510K, capacity 4606K, committed 4864K, reserved 1056768K
  class space    used 401K, capacity 430K, committed 512K, reserved 1048576K
}
Event: 8,695 GC heap before
{Heap before GC invocations=14 (full 5):
 PSYoungGen      total 525312K, used 488321K [0x000000076ce00000, 0x0000000796780000, 0x00000007c0000000)
  eden space 428544K, 100% used [0x000000076ce00000,0x0000000787080000,0x0000000787080000)
  from space 96768K, 61% used [0x000000078e280000,0x0000000791ce0650,0x0000000794100000)
  to   space 116736K, 0% used [0x0000000787080000,0x0000000787080000,0x000000078e280000)
 ParOldGen       total 1206784K, used 911492K [0x00000006c6a00000, 0x0000000710480000, 0x000000076ce00000)
  object space 1206784K, 75% used [0x00000006c6a00000,0x00000006fe421118,0x0000000710480000)
 Metaspace       used 3510K, capacity 4606K, committed 4864K, reserved 1056768K
  class space    used 401K, capacity 430K, committed 512K, reserved 1048576K
Event: 8,880 GC heap after
Heap after GC invocations=14 (full 5):
 PSYoungGen      total 545280K, used 116663K [0x000000076ce00000, 0x00000007a6100000, 0x00000007c0000000)
  eden space 428544K, 0% used [0x000000076ce00000,0x000000076ce00000,0x0000000787080000)
  from space 116736K, 99% used [0x0000000787080000,0x000000078e26dfd0,0x000000078e280000)
  to   space 138240K, 0% used [0x000000079da00000,0x000000079da00000,0x00000007a6100000)
 ParOldGen       total 1283584K, used 1282738K [0x00000006c6a00000, 0x0000000714f80000, 0x000000076ce00000)
  object space 1283584K, 99% used [0x00000006c6a00000,0x0000000714eac988,0x0000000714f80000)
 Metaspace       used 3510K, capacity 4606K, committed 4864K, reserved 1056768K
  class space    used 401K, capacity 430K, committed 512K, reserved 1048576K
}
Event: 8,880 GC heap before
{Heap before GC invocations=15 (full 6):
 PSYoungGen      total 545280K, used 116663K [0x000000076ce00000, 0x00000007a6100000, 0x00000007c0000000)
  eden space 428544K, 0% used [0x000000076ce00000,0x000000076ce00000,0x0000000787080000)
  from space 116736K, 99% used [0x0000000787080000,0x000000078e26dfd0,0x000000078e280000)
  to   space 138240K, 0% used [0x000000079da00000,0x000000079da00000,0x00000007a6100000)
 ParOldGen       total 1283584K, used 1282738K [0x00000006c6a00000, 0x0000000714f80000, 0x000000076ce00000)
  object space 1283584K, 99% used [0x00000006c6a00000,0x0000000714eac988,0x0000000714f80000)
 Metaspace       used 3510K, capacity 4606K, committed 4864K, reserved 1056768K
  class space    used 401K, capacity 430K, committed 512K, reserved 1048576K
Event: 8,904 GC heap after
Heap after GC invocations=15 (full 6):
 PSYoungGen      total 545280K, used 116116K [0x000000076ce00000, 0x00000007a6100000, 0x00000007c0000000)
  eden space 428544K, 0% used [0x000000076ce00000,0x000000076ce00000,0x0000000787080000)
  from space 116736K, 99% used [0x0000000787080000,0x000000078e1e53e0,0x000000078e280000)
  to   space 138240K, 0% used [0x000000079da00000,0x000000079da00000,0x00000007a6100000)
 ParOldGen       total 1677824K, used 1283285K [0x00000006c6a00000, 0x000000072d080000, 0x000000076ce00000)
  object space 1677824K, 76% used [0x00000006c6a00000,0x0000000714f35578,0x000000072d080000)
 Metaspace       used 3510K, capacity 4606K, committed 4864K, reserved 1056768K
  class space    used 401K, capacity 430K, committed 512K, reserved 1048576K
}
Event: 8,949 GC heap before
{Heap before GC invocations=16 (full 6):
 PSYoungGen      total 545280K, used 544660K [0x000000076ce00000, 0x00000007a6100000, 0x00000007c0000000)
  eden space 428544K, 100% used [0x000000076ce00000,0x0000000787080000,0x0000000787080000)
  from space 116736K, 99% used [0x0000000787080000,0x000000078e1e53e0,0x000000078e280000)
  to   space 138240K, 0% used [0x000000079da00000,0x000000079da00000,0x00000007a6100000)
 ParOldGen       total 1677824K, used 1283285K [0x00000006c6a00000, 0x000000072d080000, 0x000000076ce00000)
  object space 1677824K, 76% used [0x00000006c6a00000,0x0000000714f35578,0x000000072d080000)
 Metaspace       used 3510K, capacity 4606K, committed 4864K, reserved 1056768K
  class space    used 401K, capacity 430K, committed 512K, reserved 1048576K
Event: 9,178 GC heap after
Heap after GC invocations=16 (full 6):
 PSYoungGen      total 774656K, used 138191K [0x000000076ce00000, 0x00000007a8f80000, 0x00000007c0000000)
  eden space 636416K, 0% used [0x000000076ce00000,0x000000076ce00000,0x0000000793b80000)
  from space 138240K, 99% used [0x000000079da00000,0x00000007a60f3ed0,0x00000007a6100000)
  to   space 162304K, 0% used [0x0000000793b80000,0x0000000793b80000,0x000000079da00000)
 ParOldGen       total 1687552K, used 1687350K [0x00000006c6a00000, 0x000000072da00000, 0x000000076ce00000)
  object space 1687552K, 99% used [0x00000006c6a00000,0x000000072d9cda28,0x000000072da00000)
 Metaspace       used 3510K, capacity 4606K, committed 4864K, reserved 1056768K
  class space    used 401K, capacity 430K, committed 512K, reserved 1048576K
}
Event: 9,178 GC heap before
{Heap before GC invocations=17 (full 7):
 PSYoungGen      total 774656K, used 138191K [0x000000076ce00000, 0x00000007a8f80000, 0x00000007c0000000)
  eden space 636416K, 0% used [0x000000076ce00000,0x000000076ce00000,0x0000000793b80000)
  from space 138240K, 99% used [0x000000079da00000,0x00000007a60f3ed0,0x00000007a6100000)
  to   space 162304K, 0% used [0x0000000793b80000,0x0000000793b80000,0x000000079da00000)
 ParOldGen       total 1687552K, used 1687350K [0x00000006c6a00000, 0x000000072da00000, 0x000000076ce00000)
  object space 1687552K, 99% used [0x00000006c6a00000,0x000000072d9cda28,0x000000072da00000)
 Metaspace       used 3510K, capacity 4606K, committed 4864K, reserved 1056768K
  class space    used 401K, capacity 430K, committed 512K, reserved 1048576K
Event: 9,191 GC heap after
Heap after GC invocations=17 (full 7):
 PSYoungGen      total 774656K, used 138191K [0x000000076ce00000, 0x00000007a8f80000, 0x00000007c0000000)
  eden space 636416K, 0% used [0x000000076ce00000,0x000000076ce00000,0x0000000793b80000)
  from space 138240K, 99% used [0x000000079da00000,0x00000007a60f3ed0,0x00000007a6100000)
  to   space 162304K, 0% used [0x0000000793b80000,0x0000000793b80000,0x000000079da00000)
 ParOldGen       total 2166784K, used 1687350K [0x00000006c6a00000, 0x000000074ae00000, 0x000000076ce00000)
  object space 2166784K, 77% used [0x00000006c6a00000,0x000000072d9cda28,0x000000074ae00000)
 Metaspace       used 3510K, capacity 4606K, committed 4864K, reserved 1056768K
  class space    used 401K, capacity 430K, committed 512K, reserved 1048576K
}

